Running: fuse.exe -relaunch -intstyle "ise" -incremental -lib "unisims_ver" -lib "unimacro_ver" -lib "xilinxcorelib_ver" -lib "secureip" -o "F:/theproject/14_ethernet_test/test_camerlinknew_isim_beh.exe" -prj "F:/theproject/14_ethernet_test/test_camerlinknew_beh.prj" "work.test_camerlinknew" "work.glbl" 
ISim P.20131013 (signature 0x7708f090)
Number of CPUs detected in this system: 4
Turning on mult-threading, number of parallel sub-compilation jobs: 8 
Determining compilation order of HDL files
Analyzing Verilog file "F:/theproject/14_ethernet_test/rtl/ipsend.v" into library work
WARNING:HDLCompiler:751 - "F:/theproject/14_ethernet_test/rtl/ipsend.v" Line 30: Redeclaration of ansi port fifo_rden is not allowed
Analyzing Verilog file "F:/theproject/14_ethernet_test/rtl/iprecieve.v" into library work
WARNING:HDLCompiler:751 - "F:/theproject/14_ethernet_test/rtl/iprecieve.v" Line 24: Redeclaration of ansi port data_o is not allowed
WARNING:HDLCompiler:751 - "F:/theproject/14_ethernet_test/rtl/iprecieve.v" Line 25: Redeclaration of ansi port data_o_valid is not allowed
Analyzing Verilog file "F:/theproject/14_ethernet_test/rtl/crc.v" into library work
Analyzing Verilog file "F:/theproject/14_ethernet_test/ipcore_dir/e_tx_fifo.v" into library work
Analyzing Verilog file "F:/theproject/14_ethernet_test/ipcore_dir/e_rxfifo.v" into library work
Analyzing Verilog file "F:/theproject/14_ethernet_test/ipcore_dir/camerarxfifo.v" into library work
Analyzing Verilog file "F:/theproject/14_ethernet_test/rtl/udp.v" into library work
Analyzing Verilog file "F:/theproject/14_ethernet_test/controler.v" into library work
Analyzing Verilog file "F:/theproject/14_ethernet_test/CamerLinkRX.v" into library work
Analyzing Verilog file "F:/theproject/14_ethernet_test/CameraLinknew.v" into library work
Analyzing Verilog file "F:/theproject/14_ethernet_test/test_camerlinknew.v" into library work
Analyzing Verilog file "D:/HYJ/Xilinx/14.7/ISE_DS/ISE//verilog/src/glbl.v" into library work
Starting static elaboration
WARNING:HDLCompiler:1016 - "F:/theproject/14_ethernet_test/test_camerlinknew.v" Line 76: Port clk1 is not connected to this instance
WARNING:HDLCompiler:329 - "F:/theproject/14_ethernet_test/test_camerlinknew.v" Line 129: Target <mode> of concurrent assignment or output port connection should be a net type.
WARNING:HDLCompiler:1016 - "F:/theproject/14_ethernet_test/test_camerlinknew.v" Line 97: Port ddr_dataneed is not connected to this instance
WARNING:HDLCompiler:329 - "F:/theproject/14_ethernet_test/test_camerlinknew.v" Line 136: Target <empty> of concurrent assignment or output port connection should be a net type.
WARNING:HDLCompiler:189 - "F:/theproject/14_ethernet_test/test_camerlinknew.v" Line 103: Size mismatch in connection of port <data_in>. Formal port size is 64-bit while actual signal size is 1-bit.
WARNING:HDLCompiler:189 - "F:/theproject/14_ethernet_test/test_camerlinknew.v" Line 105: Size mismatch in connection of port <dadaLength>. Formal port size is 16-bit while actual signal size is 1-bit.
WARNING:HDLCompiler:189 - "F:/theproject/14_ethernet_test/test_camerlinknew.v" Line 106: Size mismatch in connection of port <totalLength>. Formal port size is 16-bit while actual signal size is 1-bit.
WARNING:HDLCompiler:189 - "F:/theproject/14_ethernet_test/test_camerlinknew.v" Line 116: Size mismatch in connection of port <ddr3_data>. Formal port size is 64-bit while actual signal size is 1-bit.
WARNING:HDLCompiler:189 - "F:/theproject/14_ethernet_test/test_camerlinknew.v" Line 135: Size mismatch in connection of port <dout>. Formal port size is 64-bit while actual signal size is 1-bit.
WARNING:HDLCompiler:189 - "F:/theproject/14_ethernet_test/test_camerlinknew.v" Line 138: Size mismatch in connection of port <e_rxd>. Formal port size is 8-bit while actual signal size is 1-bit.
WARNING:HDLCompiler:189 - "F:/theproject/14_ethernet_test/test_camerlinknew.v" Line 140: Size mismatch in connection of port <rx_total_length>. Formal port size is 16-bit while actual signal size is 1-bit.
WARNING:HDLCompiler:189 - "F:/theproject/14_ethernet_test/test_camerlinknew.v" Line 141: Size mismatch in connection of port <rx_data_length>. Formal port size is 16-bit while actual signal size is 1-bit.
WARNING:HDLCompiler:189 - "F:/theproject/14_ethernet_test/test_camerlinknew.v" Line 150: Size mismatch in connection of port <e_txd>. Formal port size is 8-bit while actual signal size is 1-bit.
WARNING:HDLCompiler:189 - "F:/theproject/14_ethernet_test/test_camerlinknew.v" Line 156: Size mismatch in connection of port <rx_state>. Formal port size is 4-bit while actual signal size is 1-bit.
WARNING:HDLCompiler:189 - "F:/theproject/14_ethernet_test/test_camerlinknew.v" Line 157: Size mismatch in connection of port <tx_state>. Formal port size is 4-bit while actual signal size is 1-bit.
Completed static elaboration
Compiling module ODDR2_default
Compiling module CameraLinknew
Compiling module fifo_generator_v9_3_sync_stage(C...
Compiling module fifo_generator_v9_3_sync_stage(C...
Compiling module fifo_generator_v9_3_bhv_ver_as(C...
Compiling module FIFO_GENERATOR_V9_3_CONV_VER(C_C...
Compiling module FIFO_GENERATOR_V9_3(C_DATA_COUNT...
Compiling module camerarxfifo
Compiling module CamerLinkRX
Compiling module controler
Compiling module ipsend
Compiling module crc
Compiling module iprecieve
Compiling module fifo_generator_v9_3_sync_stage(C...
Compiling module fifo_generator_v9_3_sync_stage(C...
Compiling module fifo_generator_v9_3_bhv_ver_as(C...
Compiling module FIFO_GENERATOR_V9_3_CONV_VER(C_C...
Compiling module FIFO_GENERATOR_V9_3(C_DATA_COUNT...
Compiling module e_rxfifo
Compiling module fifo_generator_v9_3_bhv_ver_as(C...
Compiling module FIFO_GENERATOR_V9_3_CONV_VER(C_C...
Compiling module FIFO_GENERATOR_V9_3(C_DATA_COUNT...
Compiling module e_tx_fifo
Compiling module udp
Compiling module test_camerlinknew
Compiling module glbl
Time Resolution for simulation is 1ps.
Waiting for 19 sub-compilation(s) to finish...
Compiled 26 Verilog Units
Built simulation executable F:/theproject/14_ethernet_test/test_camerlinknew_isim_beh.exe
Fuse Memory Usage: 35696 KB
Fuse CPU Usage: 670 ms
