#-----------------------------------------------------------
# PlanAhead v14.7 (64-bit)
# Build 321239 by xbuild on Fri Sep 27 19:29:51 MDT 2013
# Start of session at: Wed Jul 13 14:45:19 2016
# Process ID: 10812
# Log file: C:/14_ethernet_test/planAhead_run_5/planAhead.log
# Journal file: C:/14_ethernet_test/planAhead_run_5/planAhead.jou
#-----------------------------------------------------------
INFO: [Common 17-78] Attempting to get a license: PlanAhead
INFO: [Common 17-290] Got license for PlanAhead
INFO: [Device 21-36] Loading parts and site information from D:/HYJ/Xilinx/14.7/ISE_DS/PlanAhead/data/parts/arch.xml
Parsing RTL primitives file [D:/HYJ/Xilinx/14.7/ISE_DS/PlanAhead/data/parts/xilinx/rtl/prims/rtl_prims.xml]
Finished parsing RTL primitives file [D:/HYJ/Xilinx/14.7/ISE_DS/PlanAhead/data/parts/xilinx/rtl/prims/rtl_prims.xml]
start_gui
source C:/14_ethernet_test/pa.fromNcd.tcl
# create_project -name ethernet_test -dir "C:/14_ethernet_test/planAhead_run_5" -part xc6slx150fgg484-2
# set srcset [get_property srcset [current_run -impl]]
# set_property design_mode GateLvl $srcset
# set_property edif_top_file "C:/14_ethernet_test/ethernet_test_cs.ngc" [ get_property srcset [ current_run ] ]
# add_files -norecurse { {C:/14_ethernet_test} {ipcore_dir} }
# add_files [list {C:/14_ethernet_test/chipscope_icon.ncf}] -fileset [get_property constrset [current_run]]
# add_files [list {C:/14_ethernet_test/chipscope_ila.ncf}] -fileset [get_property constrset [current_run]]
# add_files [list {ipcore_dir/dgfew.ncf}] -fileset [get_property constrset [current_run]]
# add_files [list {ipcore_dir/e_rxfifo.ncf}] -fileset [get_property constrset [current_run]]
# add_files [list {ipcore_dir/e_tx_fifo.ncf}] -fileset [get_property constrset [current_run]]
# add_files [list {ipcore_dir/fifo.ncf}] -fileset [get_property constrset [current_run]]
# add_files [list {ipcore_dir/fifo64_64_64.ncf}] -fileset [get_property constrset [current_run]]
# add_files [list {ipcore_dir/fifo_32_64_32.ncf}] -fileset [get_property constrset [current_run]]
# add_files [list {ipcore_dir/fifo_64_16.ncf}] -fileset [get_property constrset [current_run]]
# add_files [list {ipcore_dir/fifo_64_16_64.ncf}] -fileset [get_property constrset [current_run]]
# add_files [list {ipcore_dir/fifo_64_32_16.ncf}] -fileset [get_property constrset [current_run]]
# add_files [list {ipcore_dir/ram.ncf}] -fileset [get_property constrset [current_run]]
# set_property target_constrs_file "C:/14_ethernet_test/rtl/udp.ucf" [current_fileset -constrset]
Adding file 'C:/14_ethernet_test/rtl/udp.ucf' to fileset 'constrs_1'
# add_files [list {C:/14_ethernet_test/rtl/udp.ucf}] -fileset [get_property constrset [current_run]]
# link_design
Design is defaulting to srcset: sources_1
Design is defaulting to constrset: constrs_1
Design is defaulting to project part: xc6slx150fgg484-2
Release 14.7 - ngc2edif P.20131013 (nt64)
Copyright (c) 1995-2013 Xilinx, Inc.  All rights reserved.
Reading design ethernet_test_cs.ngc ...
Processing design ...
   Preping design's networks ...
   Preping design's macros ...
WARNING:NetListWriters:306 - Signal bus
   U0/I_NO_D.U_ILA/U_RST/U_HALT_XFER/iDOUT_dly<2 : 0> on block ila_pro_0 is not
   reconstructed, because there are some missing bus signals.
WARNING:NetListWriters:306 - Signal bus
   U0/I_NO_D.U_ILA/U_RST/U_ARM_XFER/iDOUT_dly<4 : 0> on block ila_pro_0 is not
   reconstructed, because there are some missing bus signals.
WARNING:NetListWriters:306 - Signal bus U0/U_ICON/iCORE_ID_SEL<15 : 0> on block
   icon_pro is not reconstructed, because there are some missing bus signals.
WARNING:NetListWriters:306 - Signal bus memcell_addr_reg[7 : 0] on block
   iodrp_mcb_controller is not reconstructed, because there are some missing bus
   signals.
WARNING:NetListWriters:306 - Signal bus memcell_addr_reg<7 : 0> on block
   iodrp_controller is not reconstructed, because there are some missing bus
   signals.
WARNING:NetListWriters:306 - Signal bus IODRPCTRLR_MEMCELL_ADDR<7 : 0> on block
   mcb_soft_calibration is not reconstructed, because there are some missing bus
   signals.
WARNING:NetListWriters:306 - Signal bus _n2102<8 : 1> on block
   mcb_soft_calibration is not reconstructed, because there are some missing bus
   signals.
WARNING:NetListWriters:306 - Signal bus Madd_n0710[9:0]_lut<6 : 4> on block
   mcb_soft_calibration is not reconstructed, because there are some missing bus
   signals.
WARNING:NetListWriters:306 - Signal bus ip_header_0<223 : 0> on block ipsend is
   not reconstructed, because there are some missing bus signals.
WARNING:NetListWriters:306 - Signal bus Msub_GND_7_o_GND_7_o_sub_44_OUT_lut<15 :
   1> on block ipsend is not reconstructed, because there are some missing bus
   signals.
WARNING:NetListWriters:306 - Signal bus ADDERTREE_INTERNAL_Madd8_lut<17 : 0> on
   block ipsend is not reconstructed, because there are some missing bus
   signals.
WARNING:NetListWriters:306 - Signal bus Msub_GND_11_o_GND_11_o_sub_76_OUT_lut<15
   : 1> on block iprecieve is not reconstructed, because there are some missing
   bus signals.
  finished :Prep
Writing EDIF netlist file ethernet_test_cs.edif ...
ngc2edif: Total memory usage is 97340 kilobytes

Parsing EDIF File [./planAhead_run_5/ethernet_test.data/cache/ethernet_test_cs_ngc_zx.edif]
Finished Parsing EDIF File [./planAhead_run_5/ethernet_test.data/cache/ethernet_test_cs_ngc_zx.edif]
INFO: [Netlist 29-17] Analyzing 21 Unisim elements for replacement
INFO: [Netlist 29-28] Unisim Transformation completed in 0 CPU seconds
Loading clock regions from D:/HYJ/Xilinx/14.7/ISE_DS/PlanAhead/data\parts/xilinx/spartan6/spartan6lx/xc6slx150/ClockRegion.xml
Loading clock buffers from D:/HYJ/Xilinx/14.7/ISE_DS/PlanAhead/data\parts/xilinx/spartan6/spartan6lx/xc6slx150/ClockBuffers.xml
Loading package pin functions from D:/HYJ/Xilinx/14.7/ISE_DS/PlanAhead/data\parts/xilinx/spartan6/PinFunctions.xml...
Loading package from D:/HYJ/Xilinx/14.7/ISE_DS/PlanAhead/data\parts/xilinx/spartan6/spartan6lx/xc6slx150/fgg484/Package.xml
Loading io standards from D:/HYJ/Xilinx/14.7/ISE_DS/PlanAhead/data\./parts/xilinx/spartan6/IOStandards.xml
Loading device configuration modes from D:/HYJ/Xilinx/14.7/ISE_DS/PlanAhead/data\parts/xilinx/spartan6/ConfigModes.xml
Loading list of drcs for the architecture : D:/HYJ/Xilinx/14.7/ISE_DS/PlanAhead/data\./parts/xilinx/spartan6/drc.xml
WARNING: [Timing 38-83] Timing library cell SRLC32E does not define port A[4] which is referred to in the netlist. The library cell will be ignored and the cell will be treated as a black box for timing purposes.
WARNING: [Timing 38-83] Timing library cell SRLC32E does not define port A[3] which is referred to in the netlist. The library cell will be ignored and the cell will be treated as a black box for timing purposes.
WARNING: [Timing 38-83] Timing library cell SRLC32E does not define port A[2] which is referred to in the netlist. The library cell will be ignored and the cell will be treated as a black box for timing purposes.
WARNING: [Timing 38-83] Timing library cell SRLC32E does not define port A[1] which is referred to in the netlist. The library cell will be ignored and the cell will be treated as a black box for timing purposes.
WARNING: [Timing 38-83] Timing library cell SRLC32E does not define port A[0] which is referred to in the netlist. The library cell will be ignored and the cell will be treated as a black box for timing purposes.
Parsing UCF File [C:/14_ethernet_test/ipcore_dir/e_rxfifo.ncf]
Finished Parsing UCF File [C:/14_ethernet_test/ipcore_dir/e_rxfifo.ncf]
Parsing UCF File [C:/14_ethernet_test/ipcore_dir/e_tx_fifo.ncf]
Finished Parsing UCF File [C:/14_ethernet_test/ipcore_dir/e_tx_fifo.ncf]
Parsing UCF File [C:/14_ethernet_test/ipcore_dir/fifo64_64_64.ncf]
Finished Parsing UCF File [C:/14_ethernet_test/ipcore_dir/fifo64_64_64.ncf]
Parsing UCF File [C:/14_ethernet_test/ipcore_dir/fifo_64_16_64.ncf]
Finished Parsing UCF File [C:/14_ethernet_test/ipcore_dir/fifo_64_16_64.ncf]
Parsing UCF File [C:/14_ethernet_test/.Xil/PlanAhead-10812-dell-PC/ngc2edif/ethernet_test_cs.xncf]
Finished Parsing UCF File [C:/14_ethernet_test/.Xil/PlanAhead-10812-dell-PC/ngc2edif/ethernet_test_cs.xncf]
Parsing UCF File [C:/14_ethernet_test/rtl/udp.ucf]
INFO: [Constraints 18-98] IO constraint SLEW with a setting of FAST for net e_gtxc will not be propagated through the buffer. The constraint should be associated with the net that is connected to the top level port. [C:/14_ethernet_test/rtl/udp.ucf:223]
Finished Parsing UCF File [C:/14_ethernet_test/rtl/udp.ucf]
INFO: [Project 1-111] Unisim Transformation Summary:
  A total of 21 instances were transformed.
  BUFGP => BUFGP (IBUF, BUFG): 1 instances
  IOBUF => IOBUF (OBUFT, IBUF): 18 instances
  IOBUFDS => IOBUFDS (IBUFDS, OBUFTDS): 2 instances

Phase 0 | Netlist Checksum: db3c810c
link_design: Time (s): elapsed = 00:00:10 . Memory (MB): peak = 666.875 ; gain = 196.184
# read_xdl -file "C:/14_ethernet_test/ethernet_test.ncd"
Release 14.7 - xdl P.20131013 (nt64)
Copyright (c) 1995-2013 Xilinx, Inc.  All rights reserved.

WARNING:XDL:213 - The resulting xdl output will not have LUT equation strings or RAM INIT strings.
Loading device for application Rf_Device from file '6slx150.nph' in environment D:\HYJ\Xilinx\14.7\ISE_DS\ISE\.
   "ethernet_test" is an NCD, version 3.2, device xc6slx150, package fgg484, speed -2
Successfully converted design 'C:\14_ethernet_test\ethernet_test.ncd' to 'C:\14_ethernet_test\ethernet_test.xdl'.
INFO: [Designutils 20-669] Parsing Placement File : C:/14_ethernet_test/ethernet_test.ncd
WARNING: [Designutils 20-665] Net Name: e_txc. Found in file: C:/14_ethernet_test/ethernet_test.ncd. Not Recognizable in the Context
WARNING: [Designutils 20-665] Net Name: e_rxer. Found in file: C:/14_ethernet_test/ethernet_test.ncd. Not Recognizable in the Context
INFO: [Designutils 20-658] Finished Parsing Placement File : C:/14_ethernet_test/ethernet_test.ncd
INFO: [Designutils 20-671] Placed 5347 instances
read_xdl: Time (s): elapsed = 00:00:13 . Memory (MB): peak = 684.676 ; gain = 17.195
# if {[catch {read_twx -name results_1 -file "C:/14_ethernet_test/ethernet_test.twx"} eInfo]} {
#    puts "WARNING: there was a problem importing \"C:/14_ethernet_test/ethernet_test.twx\": $eInfo"
# }
INFO: [Timing 38-71] No path element with name u1/iprecieve_inst/mymac<50>_rt found. It will be ignored.
INFO: [Timing 38-71] No path element with name u1/iprecieve_inst/mymac<49>_rt found. It will be ignored.
INFO: [Timing 38-71] No path element with name u1/ipsend_instance/ip_header_0<0>_rt found. It will be ignored.
INFO: [Timing 38-71] No path element with name u1/ipsend_instance/ADDERTREE_INTERNAL_Madd_123_rt found. It will be ignored.
INFO: [Timing 38-71] No path element with name u1/ipsend_instance/ADDERTREE_INTERNAL_Madd_123_rt.1 found. It will be ignored.
INFO: [Timing 38-71] No path element with name u1/ipsend_instance/ip_header_0<0>_rt found. It will be ignored.
INFO: [Timing 38-71] No path element with name u1/ipsend_instance/ADDERTREE_INTERNAL_Madd_133_rt found. It will be ignored.
INFO: [Timing 38-71] No path element with name u1/ipsend_instance/ADDERTREE_INTERNAL_Madd_133_rt.1 found. It will be ignored.
INFO: [Timing 38-71] No path element with name u1/ipsend_instance/ip_header_0<0>_rt found. It will be ignored.
INFO: [Timing 38-71] No path element with name u1/ipsend_instance/ADDERTREE_INTERNAL_Madd_123_rt found. It will be ignored.
INFO: [Timing 38-71] No path element with name u1/ipsend_instance/ADDERTREE_INTERNAL_Madd_123_rt.1 found. It will be ignored.
startgroup
unplace_cell  [get_cells [list  u1/ipsend_instance/Mmux__n052063 u1/ipsend_instance/Mmux__n052064 u1/ipsend_instance/dataout_2_rstpot u1/ipsend_instance/dataout_2] -filter {((is_primitive==true && primitive_level!="INTERNAL")  && (loc!=""))}]
place_cell u1/ipsend_instance/Mmux__n052063_F SLICE_X122Y55/B6LUT
place_cell u1/ipsend_instance/Mmux__n052064 SLICE_X122Y54
place_cell u1/ipsend_instance/dataout_2_rstpot SLICE_X122Y54
place_cell u1/ipsend_instance/dataout_2 SLICE_X122Y54
endgroup
undo
INFO: [Common 17-17] undo 'endgroup'
INFO: [Common 17-17] undo 'place_cell u1/ipsend_instance/dataout_2 SLICE_X122Y54'
INFO: [Common 17-17] undo 'place_cell u1/ipsend_instance/dataout_2_rstpot SLICE_X122Y54'
INFO: [Common 17-17] undo 'place_cell u1/ipsend_instance/Mmux__n052064 SLICE_X122Y54'
INFO: [Common 17-17] undo 'place_cell u1/ipsend_instance/Mmux__n052063_F SLICE_X122Y55/B6LUT'
INFO: [Common 17-17] undo 'unplace_cell  [get_cells [list  u1/ipsend_instance/Mmux__n052063 u1/ipsend_instance/Mmux__n052064 u1/ipsend_instance/dataout_2_rstpot u1/ipsend_instance/dataout_2] -filter {((is_primitive==true && primitive_level!="INTERNAL")  && (loc!=""))}]'
INFO: [Common 17-17] undo 'startgroup'
startgroup
unplace_cell  [get_cells [list  u1/ipsend_instance/Mmux__n052063 u1/ipsend_instance/Mmux__n052064 u1/ipsend_instance/dataout_2_rstpot u1/ipsend_instance/dataout_2] -filter {((is_primitive==true && primitive_level!="INTERNAL")  && (loc!=""))}]
place_cell u1/ipsend_instance/Mmux__n052063_F SLICE_X122Y55/B6LUT
place_cell u1/ipsend_instance/Mmux__n052064 SLICE_X122Y54
place_cell u1/ipsend_instance/dataout_2_rstpot SLICE_X122Y54
place_cell u1/ipsend_instance/dataout_2 SLICE_X122Y54
endgroup
undo
INFO: [Common 17-17] undo 'endgroup'
INFO: [Common 17-17] undo 'place_cell u1/ipsend_instance/dataout_2 SLICE_X122Y54'
INFO: [Common 17-17] undo 'place_cell u1/ipsend_instance/dataout_2_rstpot SLICE_X122Y54'
INFO: [Common 17-17] undo 'place_cell u1/ipsend_instance/Mmux__n052064 SLICE_X122Y54'
INFO: [Common 17-17] undo 'place_cell u1/ipsend_instance/Mmux__n052063_F SLICE_X122Y55/B6LUT'
INFO: [Common 17-17] undo 'unplace_cell  [get_cells [list  u1/ipsend_instance/Mmux__n052063 u1/ipsend_instance/Mmux__n052064 u1/ipsend_instance/dataout_2_rstpot u1/ipsend_instance/dataout_2] -filter {((is_primitive==true && primitive_level!="INTERNAL")  && (loc!=""))}]'
INFO: [Common 17-17] undo 'startgroup'
startgroup
unplace_cell  [get_cells [list  u1/ipsend_instance/Mmux__n052063 u1/ipsend_instance/Mmux__n052064 u1/ipsend_instance/dataout_2_rstpot u1/ipsend_instance/dataout_2] -filter {((is_primitive==true && primitive_level!="INTERNAL")  && (loc!=""))}]
place_cell u1/ipsend_instance/Mmux__n052063_F SLICE_X122Y55/B6LUT
place_cell u1/ipsend_instance/Mmux__n052064 SLICE_X122Y54
place_cell u1/ipsend_instance/dataout_2_rstpot SLICE_X122Y54
place_cell u1/ipsend_instance/dataout_2 SLICE_X122Y54
endgroup
startgroup
place_cell u1/ipsend_instance/ip_header_0_0 SLICE_X100Y63/B5FF
endgroup
startgroup
place_cell u1/ipsend_instance/ip_header_0_0 SLICE_X100Y63/BFF
endgroup
exit
ERROR: [PlanAhead 12-106] *** Exception: ui.h.b: Found deleted key in HTclEventBroker. Verify if the classes listed here call cleanup()
HTclEvent: SIGNAL_BUS_MODIFY   Classes: ui.views.aR 
HTclEvent: DEBUG_PORT_CONFIG_CHANGE   Classes: ui.views.aR 
HTclEvent: SIGNAL_MODIFY   Classes: ui.views.aR 
HTclEvent: DEBUG_CORE_CONFIG_CHANGE   Classes: ui.views.aR 
 (See C:/14_ethernet_test\planAhead_pid10812.debug)
ERROR: [Common 17-39] 'stop_gui' failed due to earlier errors.
INFO: [Common 17-206] Exiting PlanAhead at Wed Jul 13 15:06:58 2016...
INFO: [Common 17-83] Releasing license: PlanAhead
